[2025-05-24 13:27:55,896] INFO in error_handlers: Application startup
[2025-05-24 13:27:56,564] INFO in error_handlers: Application startup
[2025-05-24 13:27:56,597] INFO in error_handlers: Application startup
[2025-05-24 13:27:56,597] INFO in error_handlers: Application startup
[2025-05-24 13:28:12,301] INFO in error_handlers: Application startup
[2025-05-24 13:28:12,923] INFO in error_handlers: Application startup
[2025-05-24 13:28:12,951] INFO in error_handlers: Application startup
[2025-05-24 13:28:12,951] INFO in error_handlers: Application startup
[2025-05-24 13:28:48,827] INFO in error_handlers: Application startup
[2025-05-24 13:28:49,591] INFO in error_handlers: Application startup
[2025-05-24 13:28:49,625] INFO in error_handlers: Application startup
[2025-05-24 13:28:49,625] INFO in error_handlers: Application startup
[2025-05-24 13:28:55,871] INFO in error_handlers: Application startup
[2025-05-24 13:28:56,575] INFO in error_handlers: Application startup
[2025-05-24 13:28:56,612] INFO in error_handlers: Application startup
[2025-05-24 13:28:56,612] INFO in error_handlers: Application startup
[2025-05-24 13:29:18,292] INFO in error_handlers: Application startup
[2025-05-24 13:29:18,949] INFO in error_handlers: Application startup
[2025-05-24 13:29:18,979] INFO in error_handlers: Application startup
[2025-05-24 13:29:18,979] INFO in error_handlers: Application startup
[2025-05-24 13:32:35,981] INFO in error_handlers: Application startup
[2025-05-24 13:32:36,833] INFO in error_handlers: Application startup
[2025-05-24 13:32:36,862] INFO in error_handlers: Application startup
[2025-05-24 13:32:36,862] INFO in error_handlers: Application startup
[2025-05-24 13:34:17,570] INFO in error_handlers: Application startup
[2025-05-24 13:34:18,483] INFO in error_handlers: Application startup
[2025-05-24 13:34:18,514] INFO in error_handlers: Application startup
[2025-05-24 13:34:18,514] INFO in error_handlers: Application startup
[2025-05-24 13:34:20,435] INFO in base: select pg_catalog.version()
[2025-05-24 13:34:20,435] INFO in base: select pg_catalog.version()
[2025-05-24 13:34:20,435] INFO in base: [raw sql] ()
[2025-05-24 13:34:20,435] INFO in base: [raw sql] ()
[2025-05-24 13:34:20,917] INFO in base: select current_schema()
[2025-05-24 13:34:20,917] INFO in base: select current_schema()
[2025-05-24 13:34:20,918] INFO in base: [raw sql] ()
[2025-05-24 13:34:20,918] INFO in base: [raw sql] ()
[2025-05-24 13:34:21,487] INFO in base: show standard_conforming_strings
[2025-05-24 13:34:21,487] INFO in base: show standard_conforming_strings
[2025-05-24 13:34:21,488] INFO in base: [raw sql] ()
[2025-05-24 13:34:21,488] INFO in base: [raw sql] ()
[2025-05-24 13:34:21,846] INFO in base: BEGIN (implicit)
[2025-05-24 13:34:21,846] INFO in base: BEGIN (implicit)
[2025-05-24 13:34:21,847] INFO in base: COMMIT
[2025-05-24 13:34:21,847] INFO in base: COMMIT
[2025-05-24 13:36:24,948] INFO in error_handlers: Application startup
[2025-05-24 13:36:25,865] INFO in error_handlers: Application startup
[2025-05-24 13:36:25,899] INFO in error_handlers: Application startup
[2025-05-24 13:36:25,899] INFO in error_handlers: Application startup
[2025-05-24 13:36:27,300] INFO in base: select pg_catalog.version()
[2025-05-24 13:36:27,300] INFO in base: select pg_catalog.version()
[2025-05-24 13:36:27,300] INFO in base: [raw sql] ()
[2025-05-24 13:36:27,300] INFO in base: [raw sql] ()
[2025-05-24 13:36:27,798] INFO in base: select current_schema()
[2025-05-24 13:36:27,798] INFO in base: select current_schema()
[2025-05-24 13:36:27,799] INFO in base: [raw sql] ()
[2025-05-24 13:36:27,799] INFO in base: [raw sql] ()
[2025-05-24 13:36:28,307] INFO in base: show standard_conforming_strings
[2025-05-24 13:36:28,307] INFO in base: show standard_conforming_strings
[2025-05-24 13:36:28,308] INFO in base: [raw sql] ()
[2025-05-24 13:36:28,308] INFO in base: [raw sql] ()
[2025-05-24 13:36:28,678] INFO in base: BEGIN (implicit)
[2025-05-24 13:36:28,678] INFO in base: BEGIN (implicit)
[2025-05-24 13:36:28,678] INFO in base: COMMIT
[2025-05-24 13:36:28,678] INFO in base: COMMIT
[2025-05-24 13:40:28,208] INFO in error_handlers: Application startup
[2025-05-24 13:40:29,117] INFO in error_handlers: Application startup
[2025-05-24 13:40:29,147] INFO in error_handlers: Application startup
[2025-05-24 13:40:29,147] INFO in error_handlers: Application startup
[2025-05-24 13:40:30,661] INFO in base: select pg_catalog.version()
[2025-05-24 13:40:30,661] INFO in base: select pg_catalog.version()
[2025-05-24 13:40:30,661] INFO in base: [raw sql] ()
[2025-05-24 13:40:30,661] INFO in base: [raw sql] ()
[2025-05-24 13:40:31,160] INFO in base: select current_schema()
[2025-05-24 13:40:31,160] INFO in base: select current_schema()
[2025-05-24 13:40:31,161] INFO in base: [raw sql] ()
[2025-05-24 13:40:31,161] INFO in base: [raw sql] ()
[2025-05-24 13:40:31,666] INFO in base: show standard_conforming_strings
[2025-05-24 13:40:31,666] INFO in base: show standard_conforming_strings
[2025-05-24 13:40:31,667] INFO in base: [raw sql] ()
[2025-05-24 13:40:31,667] INFO in base: [raw sql] ()
[2025-05-24 13:40:32,071] INFO in base: BEGIN (implicit)
[2025-05-24 13:40:32,071] INFO in base: BEGIN (implicit)
[2025-05-24 13:40:32,072] INFO in base: COMMIT
[2025-05-24 13:40:32,072] INFO in base: COMMIT
[2025-05-24 13:52:05,934] INFO in error_handlers: Application startup
[2025-05-24 13:52:06,663] INFO in error_handlers: Application startup
[2025-05-24 13:52:06,687] INFO in error_handlers: Application startup
[2025-05-24 13:52:06,687] INFO in error_handlers: Application startup
[2025-05-24 13:52:08,524] INFO in base: select pg_catalog.version()
[2025-05-24 13:52:08,524] INFO in base: select pg_catalog.version()
[2025-05-24 13:52:08,525] INFO in base: [raw sql] ()
[2025-05-24 13:52:08,525] INFO in base: [raw sql] ()
[2025-05-24 13:52:09,025] INFO in base: select current_schema()
[2025-05-24 13:52:09,025] INFO in base: select current_schema()
[2025-05-24 13:52:09,026] INFO in base: [raw sql] ()
[2025-05-24 13:52:09,026] INFO in base: [raw sql] ()
[2025-05-24 13:52:09,522] INFO in base: show standard_conforming_strings
[2025-05-24 13:52:09,522] INFO in base: show standard_conforming_strings
[2025-05-24 13:52:09,523] INFO in base: [raw sql] ()
[2025-05-24 13:52:09,523] INFO in base: [raw sql] ()
[2025-05-24 13:52:09,913] INFO in base: BEGIN (implicit)
[2025-05-24 13:52:09,913] INFO in base: BEGIN (implicit)
[2025-05-24 13:52:09,914] INFO in base: COMMIT
[2025-05-24 13:52:09,914] INFO in base: COMMIT
[2025-05-24 13:53:07,040] INFO in error_handlers: Application startup
[2025-05-24 13:53:08,051] INFO in error_handlers: Application startup
[2025-05-24 13:53:08,137] INFO in error_handlers: Application startup
[2025-05-24 13:53:08,137] INFO in error_handlers: Application startup
[2025-05-24 13:53:09,583] INFO in base: select pg_catalog.version()
[2025-05-24 13:53:09,583] INFO in base: select pg_catalog.version()
[2025-05-24 13:53:09,584] INFO in base: [raw sql] ()
[2025-05-24 13:53:09,584] INFO in base: [raw sql] ()
[2025-05-24 13:53:10,103] INFO in base: select current_schema()
[2025-05-24 13:53:10,103] INFO in base: select current_schema()
[2025-05-24 13:53:10,103] INFO in base: [raw sql] ()
[2025-05-24 13:53:10,103] INFO in base: [raw sql] ()
[2025-05-24 13:53:10,613] INFO in base: show standard_conforming_strings
[2025-05-24 13:53:10,613] INFO in base: show standard_conforming_strings
[2025-05-24 13:53:10,613] INFO in base: [raw sql] ()
[2025-05-24 13:53:10,613] INFO in base: [raw sql] ()
[2025-05-24 13:53:10,999] INFO in base: BEGIN (implicit)
[2025-05-24 13:53:10,999] INFO in base: BEGIN (implicit)
[2025-05-24 13:53:11,000] INFO in base: COMMIT
[2025-05-24 13:53:11,000] INFO in base: COMMIT
[2025-05-24 13:53:26,205] INFO in error_handlers: Application startup
[2025-05-24 13:53:27,190] INFO in error_handlers: Application startup
[2025-05-24 13:53:27,267] INFO in error_handlers: Application startup
[2025-05-24 13:53:27,267] INFO in error_handlers: Application startup
[2025-05-24 13:53:29,017] INFO in base: select pg_catalog.version()
[2025-05-24 13:53:29,017] INFO in base: select pg_catalog.version()
[2025-05-24 13:53:29,018] INFO in base: [raw sql] ()
[2025-05-24 13:53:29,018] INFO in base: [raw sql] ()
[2025-05-24 13:53:29,549] INFO in base: select current_schema()
[2025-05-24 13:53:29,549] INFO in base: select current_schema()
[2025-05-24 13:53:29,549] INFO in base: [raw sql] ()
[2025-05-24 13:53:29,549] INFO in base: [raw sql] ()
[2025-05-24 13:53:30,058] INFO in base: show standard_conforming_strings
[2025-05-24 13:53:30,058] INFO in base: show standard_conforming_strings
[2025-05-24 13:53:30,059] INFO in base: [raw sql] ()
[2025-05-24 13:53:30,059] INFO in base: [raw sql] ()
[2025-05-24 13:53:30,474] INFO in base: BEGIN (implicit)
[2025-05-24 13:53:30,474] INFO in base: BEGIN (implicit)
[2025-05-24 13:53:30,475] INFO in base: COMMIT
[2025-05-24 13:53:30,475] INFO in base: COMMIT
[2025-05-24 13:56:05,077] INFO in error_handlers: Application startup
[2025-05-24 13:56:05,167] INFO in error_handlers: Application startup
[2025-05-24 13:56:05,167] INFO in error_handlers: Application startup
[2025-05-24 13:56:06,576] INFO in base: select pg_catalog.version()
[2025-05-24 13:56:06,576] INFO in base: select pg_catalog.version()
[2025-05-24 13:56:06,577] INFO in base: [raw sql] ()
[2025-05-24 13:56:06,577] INFO in base: [raw sql] ()
[2025-05-24 13:56:07,063] INFO in base: select current_schema()
[2025-05-24 13:56:07,063] INFO in base: select current_schema()
[2025-05-24 13:56:07,064] INFO in base: [raw sql] ()
[2025-05-24 13:56:07,064] INFO in base: [raw sql] ()
[2025-05-24 13:56:07,551] INFO in base: show standard_conforming_strings
[2025-05-24 13:56:07,551] INFO in base: show standard_conforming_strings
[2025-05-24 13:56:07,552] INFO in base: [raw sql] ()
[2025-05-24 13:56:07,552] INFO in base: [raw sql] ()
[2025-05-24 13:56:07,918] INFO in base: BEGIN (implicit)
[2025-05-24 13:56:07,918] INFO in base: BEGIN (implicit)
[2025-05-24 13:56:07,919] INFO in base: COMMIT
[2025-05-24 13:56:07,919] INFO in base: COMMIT
[2025-05-24 13:56:21,382] INFO in error_handlers: Application startup
[2025-05-24 13:56:21,451] INFO in error_handlers: Application startup
[2025-05-24 13:56:21,451] INFO in error_handlers: Application startup
[2025-05-24 13:56:22,869] INFO in base: select pg_catalog.version()
[2025-05-24 13:56:22,869] INFO in base: select pg_catalog.version()
[2025-05-24 13:56:22,870] INFO in base: [raw sql] ()
[2025-05-24 13:56:22,870] INFO in base: [raw sql] ()
[2025-05-24 13:56:23,380] INFO in base: select current_schema()
[2025-05-24 13:56:23,380] INFO in base: select current_schema()
[2025-05-24 13:56:23,380] INFO in base: [raw sql] ()
[2025-05-24 13:56:23,380] INFO in base: [raw sql] ()
[2025-05-24 13:56:23,884] INFO in base: show standard_conforming_strings
[2025-05-24 13:56:23,884] INFO in base: show standard_conforming_strings
[2025-05-24 13:56:23,885] INFO in base: [raw sql] ()
[2025-05-24 13:56:23,885] INFO in base: [raw sql] ()
[2025-05-24 13:56:24,279] INFO in base: BEGIN (implicit)
[2025-05-24 13:56:24,279] INFO in base: BEGIN (implicit)
[2025-05-24 13:56:24,280] INFO in base: COMMIT
[2025-05-24 13:56:24,280] INFO in base: COMMIT
[2025-05-24 13:56:25,257] INFO in error_handlers: Application startup
[2025-05-24 13:56:25,317] INFO in error_handlers: Application startup
[2025-05-24 13:56:25,317] INFO in error_handlers: Application startup
[2025-05-24 13:56:26,704] INFO in base: select pg_catalog.version()
[2025-05-24 13:56:26,704] INFO in base: select pg_catalog.version()
[2025-05-24 13:56:26,704] INFO in base: [raw sql] ()
[2025-05-24 13:56:26,704] INFO in base: [raw sql] ()
[2025-05-24 13:56:27,195] INFO in base: select current_schema()
[2025-05-24 13:56:27,195] INFO in base: select current_schema()
[2025-05-24 13:56:27,196] INFO in base: [raw sql] ()
[2025-05-24 13:56:27,196] INFO in base: [raw sql] ()
[2025-05-24 13:56:27,686] INFO in base: show standard_conforming_strings
[2025-05-24 13:56:27,686] INFO in base: show standard_conforming_strings
[2025-05-24 13:56:27,687] INFO in base: [raw sql] ()
[2025-05-24 13:56:27,687] INFO in base: [raw sql] ()
[2025-05-24 13:56:28,054] INFO in base: BEGIN (implicit)
[2025-05-24 13:56:28,054] INFO in base: BEGIN (implicit)
[2025-05-24 13:56:28,055] INFO in base: COMMIT
[2025-05-24 13:56:28,055] INFO in base: COMMIT
[2025-05-24 13:56:33,437] INFO in error_handlers: Application startup
[2025-05-24 13:56:34,488] INFO in error_handlers: Application startup
[2025-05-24 13:56:34,550] INFO in error_handlers: Application startup
[2025-05-24 13:56:34,550] INFO in error_handlers: Application startup
[2025-05-24 13:56:35,970] INFO in base: select pg_catalog.version()
[2025-05-24 13:56:35,970] INFO in base: select pg_catalog.version()
[2025-05-24 13:56:35,971] INFO in base: [raw sql] ()
[2025-05-24 13:56:35,971] INFO in base: [raw sql] ()
[2025-05-24 13:56:36,475] INFO in base: select current_schema()
[2025-05-24 13:56:36,475] INFO in base: select current_schema()
[2025-05-24 13:56:36,476] INFO in base: [raw sql] ()
[2025-05-24 13:56:36,476] INFO in base: [raw sql] ()
[2025-05-24 13:56:36,980] INFO in base: show standard_conforming_strings
[2025-05-24 13:56:36,980] INFO in base: show standard_conforming_strings
[2025-05-24 13:56:36,980] INFO in base: [raw sql] ()
[2025-05-24 13:56:36,980] INFO in base: [raw sql] ()
[2025-05-24 13:56:37,353] INFO in base: BEGIN (implicit)
[2025-05-24 13:56:37,353] INFO in base: BEGIN (implicit)
[2025-05-24 13:56:37,354] INFO in base: COMMIT
[2025-05-24 13:56:37,354] INFO in base: COMMIT
[2025-05-24 13:58:23,955] INFO in error_handlers: Application startup
[2025-05-24 13:58:24,792] INFO in error_handlers: Application startup
[2025-05-24 13:58:24,854] INFO in error_handlers: Application startup
[2025-05-24 13:58:24,854] INFO in error_handlers: Application startup
[2025-05-24 13:58:26,310] INFO in base: select pg_catalog.version()
[2025-05-24 13:58:26,310] INFO in base: select pg_catalog.version()
[2025-05-24 13:58:26,311] INFO in base: [raw sql] ()
[2025-05-24 13:58:26,311] INFO in base: [raw sql] ()
[2025-05-24 13:58:26,854] INFO in base: select current_schema()
[2025-05-24 13:58:26,854] INFO in base: select current_schema()
[2025-05-24 13:58:26,854] INFO in base: [raw sql] ()
[2025-05-24 13:58:26,854] INFO in base: [raw sql] ()
[2025-05-24 13:58:27,363] INFO in base: show standard_conforming_strings
[2025-05-24 13:58:27,363] INFO in base: show standard_conforming_strings
[2025-05-24 13:58:27,363] INFO in base: [raw sql] ()
[2025-05-24 13:58:27,363] INFO in base: [raw sql] ()
[2025-05-24 13:58:27,742] INFO in base: BEGIN (implicit)
[2025-05-24 13:58:27,742] INFO in base: BEGIN (implicit)
[2025-05-24 13:58:27,743] INFO in base: COMMIT
[2025-05-24 13:58:27,743] INFO in base: COMMIT
[2025-05-24 14:06:37,892] INFO in base: BEGIN (implicit)
[2025-05-24 14:06:37,892] INFO in base: BEGIN (implicit)
[2025-05-24 14:06:37,894] INFO in base: ROLLBACK
[2025-05-24 14:06:37,894] INFO in base: ROLLBACK
[2025-05-24 14:06:51,889] INFO in base: BEGIN (implicit)
[2025-05-24 14:06:51,889] INFO in base: BEGIN (implicit)
[2025-05-24 14:06:51,889] INFO in base: ROLLBACK
[2025-05-24 14:06:51,889] INFO in base: ROLLBACK
[2025-05-24 14:07:59,444] INFO in error_handlers: Application startup
[2025-05-24 14:07:59,542] INFO in error_handlers: Application startup
[2025-05-24 14:07:59,542] INFO in error_handlers: Application startup
[2025-05-24 14:08:00,949] INFO in base: select pg_catalog.version()
[2025-05-24 14:08:00,949] INFO in base: select pg_catalog.version()
[2025-05-24 14:08:00,949] INFO in base: [raw sql] ()
[2025-05-24 14:08:00,949] INFO in base: [raw sql] ()
[2025-05-24 14:08:01,438] INFO in base: select current_schema()
[2025-05-24 14:08:01,438] INFO in base: select current_schema()
[2025-05-24 14:08:01,439] INFO in base: [raw sql] ()
[2025-05-24 14:08:01,439] INFO in base: [raw sql] ()
[2025-05-24 14:08:01,907] INFO in base: show standard_conforming_strings
[2025-05-24 14:08:01,907] INFO in base: show standard_conforming_strings
[2025-05-24 14:08:01,907] INFO in base: [raw sql] ()
[2025-05-24 14:08:01,907] INFO in base: [raw sql] ()
[2025-05-24 14:08:02,268] INFO in base: BEGIN (implicit)
[2025-05-24 14:08:02,268] INFO in base: BEGIN (implicit)
[2025-05-24 14:08:02,269] INFO in base: COMMIT
[2025-05-24 14:08:02,269] INFO in base: COMMIT
[2025-05-24 14:08:08,893] INFO in error_handlers: Application startup
[2025-05-24 14:08:08,973] INFO in error_handlers: Application startup
[2025-05-24 14:08:08,973] INFO in error_handlers: Application startup
[2025-05-24 14:08:10,394] INFO in base: select pg_catalog.version()
[2025-05-24 14:08:10,394] INFO in base: select pg_catalog.version()
[2025-05-24 14:08:10,395] INFO in base: [raw sql] ()
[2025-05-24 14:08:10,395] INFO in base: [raw sql] ()
[2025-05-24 14:08:10,893] INFO in base: select current_schema()
[2025-05-24 14:08:10,893] INFO in base: select current_schema()
[2025-05-24 14:08:10,893] INFO in base: [raw sql] ()
[2025-05-24 14:08:10,893] INFO in base: [raw sql] ()
[2025-05-24 14:08:11,392] INFO in base: show standard_conforming_strings
[2025-05-24 14:08:11,392] INFO in base: show standard_conforming_strings
[2025-05-24 14:08:11,393] INFO in base: [raw sql] ()
[2025-05-24 14:08:11,393] INFO in base: [raw sql] ()
[2025-05-24 14:08:11,766] INFO in base: BEGIN (implicit)
[2025-05-24 14:08:11,766] INFO in base: BEGIN (implicit)
[2025-05-24 14:08:11,766] INFO in base: COMMIT
[2025-05-24 14:08:11,766] INFO in base: COMMIT
[2025-05-24 14:08:37,049] INFO in error_handlers: Application startup
[2025-05-24 14:08:37,976] INFO in error_handlers: Application startup
[2025-05-24 14:08:38,065] INFO in error_handlers: Application startup
[2025-05-24 14:08:38,065] INFO in error_handlers: Application startup
[2025-05-24 14:08:39,498] INFO in base: select pg_catalog.version()
[2025-05-24 14:08:39,498] INFO in base: select pg_catalog.version()
[2025-05-24 14:08:39,498] INFO in base: [raw sql] ()
[2025-05-24 14:08:39,498] INFO in base: [raw sql] ()
[2025-05-24 14:08:39,997] INFO in base: select current_schema()
[2025-05-24 14:08:39,997] INFO in base: select current_schema()
[2025-05-24 14:08:39,998] INFO in base: [raw sql] ()
[2025-05-24 14:08:39,998] INFO in base: [raw sql] ()
[2025-05-24 14:08:40,490] INFO in base: show standard_conforming_strings
[2025-05-24 14:08:40,490] INFO in base: show standard_conforming_strings
[2025-05-24 14:08:40,490] INFO in base: [raw sql] ()
[2025-05-24 14:08:40,490] INFO in base: [raw sql] ()
[2025-05-24 14:08:40,860] INFO in base: BEGIN (implicit)
[2025-05-24 14:08:40,860] INFO in base: BEGIN (implicit)
[2025-05-24 14:08:40,861] INFO in base: COMMIT
[2025-05-24 14:08:40,861] INFO in base: COMMIT
[2025-05-24 14:08:42,282] INFO in base: BEGIN (implicit)
[2025-05-24 14:08:42,282] INFO in base: BEGIN (implicit)
[2025-05-24 14:08:42,295] INFO in base: ROLLBACK
[2025-05-24 14:08:42,295] INFO in base: ROLLBACK
[2025-05-24 14:10:11,206] INFO in error_handlers: Application startup
[2025-05-24 14:10:11,289] INFO in error_handlers: Application startup
[2025-05-24 14:10:11,289] INFO in error_handlers: Application startup
[2025-05-24 14:10:12,842] INFO in base: select pg_catalog.version()
[2025-05-24 14:10:12,842] INFO in base: select pg_catalog.version()
[2025-05-24 14:10:12,842] INFO in base: [raw sql] ()
[2025-05-24 14:10:12,842] INFO in base: [raw sql] ()
[2025-05-24 14:10:13,347] INFO in base: select current_schema()
[2025-05-24 14:10:13,347] INFO in base: select current_schema()
[2025-05-24 14:10:13,347] INFO in base: [raw sql] ()
[2025-05-24 14:10:13,347] INFO in base: [raw sql] ()
[2025-05-24 14:10:13,850] INFO in base: show standard_conforming_strings
[2025-05-24 14:10:13,850] INFO in base: show standard_conforming_strings
[2025-05-24 14:10:13,851] INFO in base: [raw sql] ()
[2025-05-24 14:10:13,851] INFO in base: [raw sql] ()
[2025-05-24 14:10:14,230] INFO in base: BEGIN (implicit)
[2025-05-24 14:10:14,230] INFO in base: BEGIN (implicit)
[2025-05-24 14:10:14,231] INFO in base: COMMIT
[2025-05-24 14:10:14,231] INFO in base: COMMIT
[2025-05-24 14:10:22,498] INFO in base: BEGIN (implicit)
[2025-05-24 14:10:22,498] INFO in base: BEGIN (implicit)
[2025-05-24 14:10:22,510] INFO in base: ROLLBACK
[2025-05-24 14:10:22,510] INFO in base: ROLLBACK
[2025-05-24 14:11:51,567] INFO in error_handlers: Application startup
[2025-05-24 14:11:51,660] INFO in error_handlers: Application startup
[2025-05-24 14:11:51,660] INFO in error_handlers: Application startup
[2025-05-24 14:11:52,956] INFO in base: select pg_catalog.version()
[2025-05-24 14:11:52,956] INFO in base: select pg_catalog.version()
[2025-05-24 14:11:52,956] INFO in base: [raw sql] ()
[2025-05-24 14:11:52,956] INFO in base: [raw sql] ()
[2025-05-24 14:11:53,401] INFO in base: select current_schema()
[2025-05-24 14:11:53,401] INFO in base: select current_schema()
[2025-05-24 14:11:53,402] INFO in base: [raw sql] ()
[2025-05-24 14:11:53,402] INFO in base: [raw sql] ()
[2025-05-24 14:11:53,880] INFO in base: show standard_conforming_strings
[2025-05-24 14:11:53,880] INFO in base: show standard_conforming_strings
[2025-05-24 14:11:53,881] INFO in base: [raw sql] ()
[2025-05-24 14:11:53,881] INFO in base: [raw sql] ()
[2025-05-24 14:11:54,221] INFO in base: BEGIN (implicit)
[2025-05-24 14:11:54,221] INFO in base: BEGIN (implicit)
[2025-05-24 14:11:54,221] INFO in base: COMMIT
[2025-05-24 14:11:54,221] INFO in base: COMMIT
[2025-05-24 14:12:00,006] INFO in error_handlers: Application startup
[2025-05-24 14:12:00,092] INFO in error_handlers: Application startup
[2025-05-24 14:12:00,092] INFO in error_handlers: Application startup
[2025-05-24 14:12:01,563] INFO in base: select pg_catalog.version()
[2025-05-24 14:12:01,563] INFO in base: select pg_catalog.version()
[2025-05-24 14:12:01,564] INFO in base: [raw sql] ()
[2025-05-24 14:12:01,564] INFO in base: [raw sql] ()
[2025-05-24 14:12:02,083] INFO in base: select current_schema()
[2025-05-24 14:12:02,083] INFO in base: select current_schema()
[2025-05-24 14:12:02,083] INFO in base: [raw sql] ()
[2025-05-24 14:12:02,083] INFO in base: [raw sql] ()
[2025-05-24 14:12:02,605] INFO in base: show standard_conforming_strings
[2025-05-24 14:12:02,605] INFO in base: show standard_conforming_strings
[2025-05-24 14:12:02,605] INFO in base: [raw sql] ()
[2025-05-24 14:12:02,605] INFO in base: [raw sql] ()
[2025-05-24 14:12:03,006] INFO in base: BEGIN (implicit)
[2025-05-24 14:12:03,006] INFO in base: BEGIN (implicit)
[2025-05-24 14:12:03,007] INFO in base: COMMIT
[2025-05-24 14:12:03,007] INFO in base: COMMIT
[2025-05-24 14:12:06,611] INFO in base: BEGIN (implicit)
[2025-05-24 14:12:06,611] INFO in base: BEGIN (implicit)
[2025-05-24 14:12:06,627] INFO in base: SELECT users.email, users.password_hash, users.name, users.avatar, users.role, users.phone, users.country, users.timezone, users.skills, users.bio, users.languages, users.certifications, users.social_links, users.organization_name, users.organization_website, users.organization_size, users.industry, users.specializations, users.mentorship_areas, users.is_online, users.last_seen, users.preferences, users.is_team_lead, users.permissions, users.active_hackathons, users.completed_hackathons, users.active_teams, users.rating, users.achievement_count, users.reputation_score, users.communication_preferences, users.notification_settings, users.availability, users.email_verified, users.phone_verified, users.verification_token, users.verification_expires, users.reset_token, users.reset_token_expires, users.totp_secret, users.account_locked, users.account_locked_until, users.failed_login_attempts, users.last_login, users.password_changed_at, users.accepted_terms, users.accepted_privacy_policy, users.id, users.created_at, users.updated_at, users.is_deleted 
FROM users 
WHERE users.email = $1::VARCHAR
[2025-05-24 14:12:06,627] INFO in base: SELECT users.email, users.password_hash, users.name, users.avatar, users.role, users.phone, users.country, users.timezone, users.skills, users.bio, users.languages, users.certifications, users.social_links, users.organization_name, users.organization_website, users.organization_size, users.industry, users.specializations, users.mentorship_areas, users.is_online, users.last_seen, users.preferences, users.is_team_lead, users.permissions, users.active_hackathons, users.completed_hackathons, users.active_teams, users.rating, users.achievement_count, users.reputation_score, users.communication_preferences, users.notification_settings, users.availability, users.email_verified, users.phone_verified, users.verification_token, users.verification_expires, users.reset_token, users.reset_token_expires, users.totp_secret, users.account_locked, users.account_locked_until, users.failed_login_attempts, users.last_login, users.password_changed_at, users.accepted_terms, users.accepted_privacy_policy, users.id, users.created_at, users.updated_at, users.is_deleted 
FROM users 
WHERE users.email = $1::VARCHAR
[2025-05-24 14:12:06,628] INFO in base: [generated in 0.00119s] ('it.zm2x@gmail.com',)
[2025-05-24 14:12:06,628] INFO in base: [generated in 0.00119s] ('it.zm2x@gmail.com',)
[2025-05-24 14:12:07,028] INFO in base: ROLLBACK
[2025-05-24 14:12:07,028] INFO in base: ROLLBACK
[2025-05-24 14:17:41,248] INFO in error_handlers: Application startup
[2025-05-24 14:17:41,313] INFO in error_handlers: Application startup
[2025-05-24 14:17:41,313] INFO in error_handlers: Application startup
[2025-05-24 14:17:42,691] INFO in base: select pg_catalog.version()
[2025-05-24 14:17:42,691] INFO in base: select pg_catalog.version()
[2025-05-24 14:17:42,692] INFO in base: [raw sql] ()
[2025-05-24 14:17:42,692] INFO in base: [raw sql] ()
[2025-05-24 14:17:43,177] INFO in base: select current_schema()
[2025-05-24 14:17:43,177] INFO in base: select current_schema()
[2025-05-24 14:17:43,177] INFO in base: [raw sql] ()
[2025-05-24 14:17:43,177] INFO in base: [raw sql] ()
[2025-05-24 14:17:43,669] INFO in base: show standard_conforming_strings
[2025-05-24 14:17:43,669] INFO in base: show standard_conforming_strings
[2025-05-24 14:17:43,669] INFO in base: [raw sql] ()
[2025-05-24 14:17:43,669] INFO in base: [raw sql] ()
[2025-05-24 14:17:44,039] INFO in base: BEGIN (implicit)
[2025-05-24 14:17:44,039] INFO in base: BEGIN (implicit)
[2025-05-24 14:17:44,040] INFO in base: COMMIT
[2025-05-24 14:17:44,040] INFO in base: COMMIT
[2025-05-24 14:17:45,022] INFO in error_handlers: Application startup
[2025-05-24 14:17:45,095] INFO in error_handlers: Application startup
[2025-05-24 14:17:45,095] INFO in error_handlers: Application startup
[2025-05-24 14:17:46,462] INFO in base: select pg_catalog.version()
[2025-05-24 14:17:46,462] INFO in base: select pg_catalog.version()
[2025-05-24 14:17:46,463] INFO in base: [raw sql] ()
[2025-05-24 14:17:46,463] INFO in base: [raw sql] ()
[2025-05-24 14:17:46,947] INFO in base: select current_schema()
[2025-05-24 14:17:46,947] INFO in base: select current_schema()
[2025-05-24 14:17:46,947] INFO in base: [raw sql] ()
[2025-05-24 14:17:46,947] INFO in base: [raw sql] ()
[2025-05-24 14:17:47,432] INFO in base: show standard_conforming_strings
[2025-05-24 14:17:47,432] INFO in base: show standard_conforming_strings
[2025-05-24 14:17:47,432] INFO in base: [raw sql] ()
[2025-05-24 14:17:47,432] INFO in base: [raw sql] ()
[2025-05-24 14:17:47,795] INFO in base: BEGIN (implicit)
[2025-05-24 14:17:47,795] INFO in base: BEGIN (implicit)
[2025-05-24 14:17:47,796] INFO in base: COMMIT
[2025-05-24 14:17:47,796] INFO in base: COMMIT
[2025-05-24 14:20:26,333] INFO in error_handlers: Application startup
[2025-05-24 14:20:27,148] INFO in error_handlers: Application startup
[2025-05-24 14:20:27,208] INFO in error_handlers: Application startup
[2025-05-24 14:20:27,208] INFO in error_handlers: Application startup
[2025-05-24 14:20:28,562] INFO in base: select pg_catalog.version()
[2025-05-24 14:20:28,562] INFO in base: select pg_catalog.version()
[2025-05-24 14:20:28,562] INFO in base: [raw sql] ()
[2025-05-24 14:20:28,562] INFO in base: [raw sql] ()
[2025-05-24 14:20:29,031] INFO in base: select current_schema()
[2025-05-24 14:20:29,031] INFO in base: select current_schema()
[2025-05-24 14:20:29,031] INFO in base: [raw sql] ()
[2025-05-24 14:20:29,031] INFO in base: [raw sql] ()
[2025-05-24 14:20:29,495] INFO in base: show standard_conforming_strings
[2025-05-24 14:20:29,495] INFO in base: show standard_conforming_strings
[2025-05-24 14:20:29,496] INFO in base: [raw sql] ()
[2025-05-24 14:20:29,496] INFO in base: [raw sql] ()
[2025-05-24 14:20:29,856] INFO in base: BEGIN (implicit)
[2025-05-24 14:20:29,856] INFO in base: BEGIN (implicit)
[2025-05-24 14:20:29,857] INFO in base: COMMIT
[2025-05-24 14:20:29,857] INFO in base: COMMIT
[2025-05-24 14:24:30,930] INFO in base: BEGIN (implicit)
[2025-05-24 14:24:30,930] INFO in base: BEGIN (implicit)
[2025-05-24 14:24:30,968] INFO in base: SELECT users.email, users.password_hash, users.name, users.avatar, users.role, users.phone, users.country, users.timezone, users.skills, users.bio, users.languages, users.certifications, users.social_links, users.organization_name, users.organization_website, users.organization_size, users.industry, users.specializations, users.mentorship_areas, users.is_online, users.last_seen, users.preferences, users.is_team_lead, users.permissions, users.active_hackathons, users.completed_hackathons, users.active_teams, users.rating, users.achievement_count, users.reputation_score, users.communication_preferences, users.notification_settings, users.availability, users.email_verified, users.phone_verified, users.verification_token, users.verification_expires, users.reset_token, users.reset_token_expires, users.totp_secret, users.account_locked, users.account_locked_until, users.failed_login_attempts, users.last_login, users.password_changed_at, users.accepted_terms, users.accepted_privacy_policy, users.id, users.created_at, users.updated_at, users.is_deleted 
FROM users 
WHERE users.email = $1::VARCHAR
[2025-05-24 14:24:30,968] INFO in base: SELECT users.email, users.password_hash, users.name, users.avatar, users.role, users.phone, users.country, users.timezone, users.skills, users.bio, users.languages, users.certifications, users.social_links, users.organization_name, users.organization_website, users.organization_size, users.industry, users.specializations, users.mentorship_areas, users.is_online, users.last_seen, users.preferences, users.is_team_lead, users.permissions, users.active_hackathons, users.completed_hackathons, users.active_teams, users.rating, users.achievement_count, users.reputation_score, users.communication_preferences, users.notification_settings, users.availability, users.email_verified, users.phone_verified, users.verification_token, users.verification_expires, users.reset_token, users.reset_token_expires, users.totp_secret, users.account_locked, users.account_locked_until, users.failed_login_attempts, users.last_login, users.password_changed_at, users.accepted_terms, users.accepted_privacy_policy, users.id, users.created_at, users.updated_at, users.is_deleted 
FROM users 
WHERE users.email = $1::VARCHAR
[2025-05-24 14:24:30,971] INFO in base: [generated in 0.00264s] ('it.zm2x@gmail.com',)
[2025-05-24 14:24:30,971] INFO in base: [generated in 0.00264s] ('it.zm2x@gmail.com',)
[2025-05-24 14:24:31,317] INFO in base: ROLLBACK
[2025-05-24 14:24:31,317] INFO in base: ROLLBACK
[2025-05-24 14:25:52,994] INFO in base: BEGIN (implicit)
[2025-05-24 14:25:52,994] INFO in base: BEGIN (implicit)
[2025-05-24 14:25:52,995] INFO in base: SELECT users.email, users.password_hash, users.name, users.avatar, users.role, users.phone, users.country, users.timezone, users.skills, users.bio, users.languages, users.certifications, users.social_links, users.organization_name, users.organization_website, users.organization_size, users.industry, users.specializations, users.mentorship_areas, users.is_online, users.last_seen, users.preferences, users.is_team_lead, users.permissions, users.active_hackathons, users.completed_hackathons, users.active_teams, users.rating, users.achievement_count, users.reputation_score, users.communication_preferences, users.notification_settings, users.availability, users.email_verified, users.phone_verified, users.verification_token, users.verification_expires, users.reset_token, users.reset_token_expires, users.totp_secret, users.account_locked, users.account_locked_until, users.failed_login_attempts, users.last_login, users.password_changed_at, users.accepted_terms, users.accepted_privacy_policy, users.id, users.created_at, users.updated_at, users.is_deleted 
FROM users 
WHERE users.email = $1::VARCHAR
[2025-05-24 14:25:52,995] INFO in base: SELECT users.email, users.password_hash, users.name, users.avatar, users.role, users.phone, users.country, users.timezone, users.skills, users.bio, users.languages, users.certifications, users.social_links, users.organization_name, users.organization_website, users.organization_size, users.industry, users.specializations, users.mentorship_areas, users.is_online, users.last_seen, users.preferences, users.is_team_lead, users.permissions, users.active_hackathons, users.completed_hackathons, users.active_teams, users.rating, users.achievement_count, users.reputation_score, users.communication_preferences, users.notification_settings, users.availability, users.email_verified, users.phone_verified, users.verification_token, users.verification_expires, users.reset_token, users.reset_token_expires, users.totp_secret, users.account_locked, users.account_locked_until, users.failed_login_attempts, users.last_login, users.password_changed_at, users.accepted_terms, users.accepted_privacy_policy, users.id, users.created_at, users.updated_at, users.is_deleted 
FROM users 
WHERE users.email = $1::VARCHAR
[2025-05-24 14:25:52,996] INFO in base: [cached since 82.03s ago] ('it.zm2x@gmail.com',)
[2025-05-24 14:25:52,996] INFO in base: [cached since 82.03s ago] ('it.zm2x@gmail.com',)
[2025-05-24 14:25:53,365] INFO in base: ROLLBACK
[2025-05-24 14:25:53,365] INFO in base: ROLLBACK
[2025-05-24 14:44:00,236] INFO in error_handlers: Application startup
[2025-05-24 14:44:01,193] INFO in error_handlers: Application startup
[2025-05-24 14:44:01,266] INFO in error_handlers: Application startup
[2025-05-24 14:44:01,266] INFO in error_handlers: Application startup
[2025-05-24 14:45:50,586] INFO in error_handlers: Application startup
[2025-05-24 14:45:51,476] INFO in error_handlers: Application startup
[2025-05-24 14:45:51,538] INFO in error_handlers: Application startup
[2025-05-24 14:45:51,538] INFO in error_handlers: Application startup
[2025-05-24 14:48:05,001] INFO in error_handlers: Application startup
[2025-05-24 14:48:05,078] INFO in error_handlers: Application startup
[2025-05-24 14:48:05,078] INFO in error_handlers: Application startup
[2025-05-24 14:48:17,461] INFO in error_handlers: Application startup
[2025-05-24 14:48:17,584] INFO in error_handlers: Application startup
[2025-05-24 14:48:17,584] INFO in error_handlers: Application startup
[2025-05-24 14:48:25,397] INFO in error_handlers: Application startup
[2025-05-24 14:48:25,469] INFO in error_handlers: Application startup
[2025-05-24 14:48:25,469] INFO in error_handlers: Application startup
[2025-05-24 14:50:40,010] INFO in error_handlers: Application startup
[2025-05-24 14:50:40,091] INFO in error_handlers: Application startup
[2025-05-24 14:50:40,091] INFO in error_handlers: Application startup
[2025-05-24 14:50:41,551] INFO in db: Successfully connected to MongoDB database: CloudHub
[2025-05-24 14:50:41,551] INFO in db: Successfully connected to MongoDB database: CloudHub
[2025-05-24 14:50:58,597] INFO in db: MongoDB connection closed
[2025-05-24 14:50:58,597] INFO in db: MongoDB connection closed
[2025-05-24 14:51:00,124] INFO in error_handlers: Application startup
[2025-05-24 14:51:00,187] INFO in error_handlers: Application startup
[2025-05-24 14:51:00,187] INFO in error_handlers: Application startup
[2025-05-24 14:51:01,614] INFO in db: Successfully connected to MongoDB database: CloudHub
[2025-05-24 14:51:01,614] INFO in db: Successfully connected to MongoDB database: CloudHub
[2025-05-24 14:51:01,614] INFO in app: MongoDB connection initialized
[2025-05-24 14:51:01,614] INFO in app: MongoDB connection initialized
[2025-05-24 14:52:20,278] INFO in db: MongoDB connection closed
[2025-05-24 14:52:20,278] INFO in db: MongoDB connection closed
[2025-05-24 14:52:20,278] INFO in app: MongoDB connection closed
[2025-05-24 14:52:20,278] INFO in app: MongoDB connection closed
[2025-05-24 14:52:22,991] INFO in error_handlers: Application startup
[2025-05-24 14:52:23,992] INFO in error_handlers: Application startup
[2025-05-24 14:52:24,055] INFO in error_handlers: Application startup
[2025-05-24 14:52:24,055] INFO in error_handlers: Application startup
[2025-05-24 14:52:25,605] INFO in db: Successfully connected to MongoDB database: CloudHub
[2025-05-24 14:52:25,605] INFO in db: Successfully connected to MongoDB database: CloudHub
[2025-05-24 14:52:25,605] INFO in app: MongoDB connection initialized
[2025-05-24 14:52:25,605] INFO in app: MongoDB connection initialized
[2025-05-24 14:55:38,423] INFO in db: MongoDB connection closed
[2025-05-24 14:55:38,423] INFO in db: MongoDB connection closed
[2025-05-24 14:55:38,424] INFO in app: MongoDB connection closed
[2025-05-24 14:55:38,424] INFO in app: MongoDB connection closed
[2025-05-24 14:55:40,407] INFO in error_handlers: Application startup
[2025-05-24 14:55:40,513] INFO in error_handlers: Application startup
[2025-05-24 14:55:40,513] INFO in error_handlers: Application startup
[2025-05-24 14:55:42,005] INFO in db: Successfully connected to MongoDB database: CloudHub
[2025-05-24 14:55:42,005] INFO in db: Successfully connected to MongoDB database: CloudHub
[2025-05-24 14:55:42,006] INFO in app: MongoDB connection initialized
[2025-05-24 14:55:42,006] INFO in app: MongoDB connection initialized
[2025-05-24 14:56:00,369] INFO in db: MongoDB connection closed
[2025-05-24 14:56:00,369] INFO in db: MongoDB connection closed
[2025-05-24 14:56:00,370] INFO in app: MongoDB connection closed
[2025-05-24 14:56:00,370] INFO in app: MongoDB connection closed
[2025-05-24 14:56:01,856] INFO in error_handlers: Application startup
[2025-05-24 14:56:01,935] INFO in error_handlers: Application startup
[2025-05-24 14:56:01,935] INFO in error_handlers: Application startup
[2025-05-24 14:56:03,456] INFO in db: Successfully connected to MongoDB database: CloudHub
[2025-05-24 14:56:03,456] INFO in db: Successfully connected to MongoDB database: CloudHub
[2025-05-24 14:56:03,456] INFO in app: MongoDB connection initialized
[2025-05-24 14:56:03,456] INFO in app: MongoDB connection initialized
[2025-05-24 14:56:46,395] INFO in db: MongoDB connection closed
[2025-05-24 14:56:46,395] INFO in db: MongoDB connection closed
[2025-05-24 14:56:46,396] INFO in app: MongoDB connection closed
[2025-05-24 14:56:46,396] INFO in app: MongoDB connection closed
[2025-05-24 14:56:50,094] INFO in error_handlers: Application startup
[2025-05-24 14:56:51,231] INFO in error_handlers: Application startup
[2025-05-24 14:56:51,347] INFO in error_handlers: Application startup
[2025-05-24 14:56:51,347] INFO in error_handlers: Application startup
[2025-05-24 14:56:52,920] INFO in db: Successfully connected to MongoDB database: CloudHub
[2025-05-24 14:56:52,920] INFO in db: Successfully connected to MongoDB database: CloudHub
[2025-05-24 14:56:52,921] INFO in app: MongoDB connection initialized
[2025-05-24 14:56:52,921] INFO in app: MongoDB connection initialized
[2025-05-24 14:58:10,999] INFO in db: MongoDB connection closed
[2025-05-24 14:58:10,999] INFO in db: MongoDB connection closed
[2025-05-24 14:58:10,999] INFO in app: MongoDB connection closed
[2025-05-24 14:58:10,999] INFO in app: MongoDB connection closed
[2025-05-24 14:58:12,367] INFO in error_handlers: Application startup
[2025-05-24 14:58:12,445] INFO in error_handlers: Application startup
[2025-05-24 14:58:12,445] INFO in error_handlers: Application startup
[2025-05-24 14:58:12,446] INFO in db: Initializing new database connection...
[2025-05-24 14:58:12,446] INFO in db: Initializing new database connection...
[2025-05-24 14:58:14,152] INFO in db: Successfully connected to MongoDB database: CloudHub
[2025-05-24 14:58:14,152] INFO in db: Successfully connected to MongoDB database: CloudHub
[2025-05-24 14:58:14,152] INFO in app: MongoDB connection initialized
[2025-05-24 14:58:14,152] INFO in app: MongoDB connection initialized
[2025-05-24 14:58:21,645] INFO in db: Closing database connection...
[2025-05-24 14:58:21,645] INFO in db: Closing database connection...
[2025-05-24 14:58:21,675] INFO in db: MongoDB connection closed
[2025-05-24 14:58:21,675] INFO in db: MongoDB connection closed
[2025-05-24 14:58:21,675] INFO in app: MongoDB connection closed
[2025-05-24 14:58:21,675] INFO in app: MongoDB connection closed
